<?xml version="1.0" encoding="UTF-8"?>
<!-- Generated by org.testng.reporters.JUnitReportReporter -->
<testsuite hostname="DESKTOP-6KLV0L6" failures="0" tests="1" name="NewPackage.NewClass2" time="5.799" errors="0" timestamp="2023-12-13T11:54:22 IST" skipped="0">
  <testcase classname="NewPackage.NewClass2" name="test1" time="5.799"/>
  <system-out/>
</testsuite> <!-- NewPackage.NewClass2 -->
