<?xml version="1.0" encoding="UTF-8"?>
<!-- Generated by org.testng.reporters.JUnitReportReporter -->
<testsuite hostname="DESKTOP-6KLV0L6" failures="0" tests="1" name="NewPackage.NewClass5" time="6.630" errors="0" timestamp="2023-12-13T21:14:00 IST" skipped="0">
  <testcase classname="NewPackage.NewClass5" name="test1" time="6.630"/>
  <system-out/>
</testsuite> <!-- NewPackage.NewClass5 -->
