<?xml version="1.0" encoding="UTF-8"?>
<!-- Generated by org.testng.reporters.JUnitReportReporter -->
<testsuite hostname="DESKTOP-6KLV0L6" failures="0" tests="1" name="NewPackage.NewClass4" time="4.331" errors="0" timestamp="2023-12-13T21:14:00 IST" skipped="0">
  <testcase classname="NewPackage.NewClass4" name="test1" time="4.331"/>
  <system-out/>
</testsuite> <!-- NewPackage.NewClass4 -->
