<?xml version="1.0" encoding="UTF-8"?>
<!-- Generated by org.testng.reporters.JUnitReportReporter -->
<testsuite hostname="DESKTOP-6KLV0L6" failures="0" tests="1" name="NewPackage.NewClass1" time="5.511" errors="0" timestamp="2023-12-13T21:47:35 IST" skipped="0">
  <testcase classname="NewPackage.NewClass1" name="test1" time="5.511"/>
  <system-out/>
</testsuite> <!-- NewPackage.NewClass1 -->
