<?xml version="1.0" encoding="UTF-8"?>
<!-- Generated by org.testng.reporters.JUnitReportReporter -->
<testsuite hostname="DESKTOP-6KLV0L6" failures="0" tests="1" name="NewPackage.NewClass3" time="3.287" errors="0" timestamp="2023-12-13T21:47:35 IST" skipped="0">
  <testcase classname="NewPackage.NewClass3" name="test1" time="3.287"/>
  <system-out/>
</testsuite> <!-- NewPackage.NewClass3 -->
